<?xml version="1.0" encoding="UTF-8"?>
<!-- Generated by org.testng.reporters.JUnitXMLReporter -->
<testsuite hostname="DLLB0015" name="Inside SmokeChecklist" tests="15" failures="1" timestamp="13 Dec 2013 06:25:00 GMT" time="67.014" errors="0">
  <testcase name="setup" time="12.288" classname="com.qait.ACSAutomation.Test.CR1StrategicPlanningQuestionFinal_Test"/>
  <testcase name="launchDashboardPage" time="19.491" classname="com.qait.ACSAutomation.Test.CR1StrategicPlanningQuestionFinal_Test"/>
  <testcase name="verifyLoginPage" time="1.439" classname="com.qait.ACSAutomation.Test.CR1StrategicPlanningQuestionFinal_Test"/>
  <testcase name="loginToApplication" time="27.165" classname="com.qait.ACSAutomation.Test.CR1StrategicPlanningQuestionFinal_Test"/>
  <testcase name="verifyLandingPage" time="0.049" classname="com.qait.ACSAutomation.Test.CR1StrategicPlanningQuestionFinal_Test"/>
  <testcase name="clickOnAnnualReportTab" time="6.539" classname="com.qait.ACSAutomation.Test.CR1StrategicPlanningQuestionFinal_Test">
    <failure type="org.openqa.selenium.remote.UnreachableBrowserException" message="Error communicating with the remote browser. It may have died.
Build info: version: &amp;apos;2.32.0&amp;apos;, revision: &amp;apos;6c40c187d01409a5dc3b7f8251859150c8af0bcb&amp;apos;, time: &amp;apos;2013-04-09 10:39:28&amp;apos;
System info: os.name: &amp;apos;Windows 7&amp;apos;, os.arch: &amp;apos;x86&amp;apos;, os.version: &amp;apos;6.1&amp;apos;, java.version: &amp;apos;1.6.0_43&amp;apos;
Driver info: driver.version: RemoteWebDriver">
      <![CDATA[org.openqa.selenium.remote.UnreachableBrowserException: Error communicating with the remote browser. It may have died.
Build info: version: '2.32.0', revision: '6c40c187d01409a5dc3b7f8251859150c8af0bcb', time: '2013-04-09 10:39:28'
System info: os.name: 'Windows 7', os.arch: 'x86', os.version: '6.1', java.version: '1.6.0_43'
Driver info: driver.version: RemoteWebDriver
	at org.openqa.selenium.remote.RemoteWebDriver.execute(RemoteWebDriver.java:548)
	at org.openqa.selenium.remote.RemoteWebDriver.findElement(RemoteWebDriver.java:307)
	at org.openqa.selenium.remote.RemoteWebDriver.findElementByXPath(RemoteWebDriver.java:404)
	at org.openqa.selenium.By$ByXPath.findElement(By.java:344)
	at org.openqa.selenium.remote.RemoteWebDriver.findElement(RemoteWebDriver.java:299)
	at org.openqa.selenium.support.ui.ExpectedConditions.findElement(ExpectedConditions.java:523)
	at org.openqa.selenium.support.ui.ExpectedConditions.access$000(ExpectedConditions.java:39)
	at org.openqa.selenium.support.ui.ExpectedConditions$4.apply(ExpectedConditions.java:130)
	at org.openqa.selenium.support.ui.ExpectedConditions$4.apply(ExpectedConditions.java:126)
	at org.openqa.selenium.support.ui.FluentWait.until(FluentWait.java:208)
	at com.qait.ACSAutomation.Action.BaseFixture.waitForSync(BaseFixture.java:97)
	at com.qait.ACSAutomation.Action.CR1StrategicPlanningQuestionFinal_Action.clickOnAnnualReportTab(CR1StrategicPlanningQuestionFinal_Action.java:31)
	at com.qait.ACSAutomation.Test.CR1StrategicPlanningQuestionFinal_Test.clickOnAnnualReportTab(CR1StrategicPlanningQuestionFinal_Test.java:53)
	at java.util.concurrent.ThreadPoolExecutor$Worker.runTask(Unknown Source)
	at java.util.concurrent.ThreadPoolExecutor$Worker.run(Unknown Source)
	at java.lang.Thread.run(Unknown Source)
Caused by: org.apache.http.conn.HttpHostConnectException: Connection to http://127.0.0.1:7056 refused
	at org.apache.http.impl.conn.DefaultClientConnectionOperator.openConnection(DefaultClientConnectionOperator.java:190)
	at org.apache.http.impl.conn.AbstractPoolEntry.open(AbstractPoolEntry.java:151)
	at org.apache.http.impl.conn.AbstractPooledConnAdapter.open(AbstractPooledConnAdapter.java:125)
	at org.apache.http.impl.client.DefaultRequestDirector.tryConnect(DefaultRequestDirector.java:640)
	at org.apache.http.impl.client.DefaultRequestDirector.execute(DefaultRequestDirector.java:479)
	at org.apache.http.impl.client.AbstractHttpClient.execute(AbstractHttpClient.java:906)
	at org.openqa.selenium.remote.HttpCommandExecutor.fallBackExecute(HttpCommandExecutor.java:334)
	at org.openqa.selenium.remote.HttpCommandExecutor.execute(HttpCommandExecutor.java:295)
	at org.openqa.selenium.firefox.internal.NewProfileExtensionConnection.execute(NewProfileExtensionConnection.java:133)
	at org.openqa.selenium.firefox.FirefoxDriver$LazyCommandExecutor.execute(FirefoxDriver.java:355)
	at org.openqa.selenium.remote.RemoteWebDriver.execute(RemoteWebDriver.java:527)
	... 25 more
Caused by: java.net.ConnectException: Connection refused: connect
	at java.net.PlainSocketImpl.socketConnect(Native Method)
	at java.net.PlainSocketImpl.doConnect(Unknown Source)
	at java.net.PlainSocketImpl.connectToAddress(Unknown Source)
	at java.net.PlainSocketImpl.connect(Unknown Source)
	at java.net.SocksSocketImpl.connect(Unknown Source)
	at java.net.Socket.connect(Unknown Source)
	at org.apache.http.conn.scheme.PlainSocketFactory.connectSocket(PlainSocketFactory.java:127)
	at org.apache.http.impl.conn.DefaultClientConnectionOperator.openConnection(DefaultClientConnectionOperator.java:180)
	... 35 more
... Removed 10 stack frames]]>
    </failure>
  </testcase> <!-- clickOnAnnualReportTab -->
  <testcase name="verifyAnnualReportTabLoaded" time="0.0" classname="com.qait.ACSAutomation.Test.CR1StrategicPlanningQuestionFinal_Test">
    <skipped/>
  </testcase> <!-- verifyAnnualReportTabLoaded -->
  <testcase name="verifyStrategicPlanningQuestionDisplayForLS" time="0.0" classname="com.qait.ACSAutomation.Test.CR1StrategicPlanningQuestionFinal_Test">
    <skipped/>
  </testcase> <!-- verifyStrategicPlanningQuestionDisplayForLS -->
  <testcase name="verifyStrategicPlanningQuestionDisplayForTD" time="0.0" classname="com.qait.ACSAutomation.Test.CR1StrategicPlanningQuestionFinal_Test">
    <skipped/>
  </testcase> <!-- verifyStrategicPlanningQuestionDisplayForTD -->
  <testcase name="userAllowToAddTheEvent" time="0.0" classname="com.qait.ACSAutomation.Test.CR1StrategicPlanningQuestionFinal_Test">
    <skipped/>
  </testcase> <!-- userAllowToAddTheEvent -->
  <testcase name="verifyEventCreatedAndListedBelowEventHeading" time="0.0" classname="com.qait.ACSAutomation.Test.CR1StrategicPlanningQuestionFinal_Test">
    <skipped/>
  </testcase> <!-- verifyEventCreatedAndListedBelowEventHeading -->
  <testcase name="verifyQuestionsDisplayUnderAddedEvent" time="0.0010" classname="com.qait.ACSAutomation.Test.CR1StrategicPlanningQuestionFinal_Test">
    <skipped/>
  </testcase> <!-- verifyQuestionsDisplayUnderAddedEvent -->
  <testcase name="verifyEditTabAllowUserToEditEvent" time="0.0" classname="com.qait.ACSAutomation.Test.CR1StrategicPlanningQuestionFinal_Test">
    <skipped/>
  </testcase> <!-- verifyEditTabAllowUserToEditEvent -->
  <testcase name="verifyUserAllowedEditFromDropDown" time="0.0" classname="com.qait.ACSAutomation.Test.CR1StrategicPlanningQuestionFinal_Test">
    <skipped/>
  </testcase> <!-- verifyUserAllowedEditFromDropDown -->
  <testcase name="verifyQuestionsDisplayForPastYear" time="0.0" classname="com.qait.ACSAutomation.Test.CR1StrategicPlanningQuestionFinal_Test">
    <skipped/>
  </testcase> <!-- verifyQuestionsDisplayForPastYear -->
</testsuite> <!-- Inside SmokeChecklist -->
